2019-01-29 00:50:24,487 INFO o.a.j.u.JMeterUtils: Setting Locale to en_EN
2019-01-29 00:50:24,517 INFO o.a.j.JMeter: Loading user properties from: /Users/administrator/Jmeter/bin/user.properties
2019-01-29 00:50:24,518 INFO o.a.j.JMeter: Loading system properties from: /Users/administrator/Jmeter/bin/system.properties
2019-01-29 00:50:24,518 INFO o.a.j.JMeter: Setting System property: server_port=1099
2019-01-29 00:50:24,524 INFO o.a.j.JMeter: Copyright (c) 1998-2018 The Apache Software Foundation
2019-01-29 00:50:24,524 INFO o.a.j.JMeter: Version 5.0 r1840935
2019-01-29 00:50:24,524 INFO o.a.j.JMeter: java.version=1.8.0_161
2019-01-29 00:50:24,524 INFO o.a.j.JMeter: java.vm.name=Java HotSpot(TM) 64-Bit Server VM
2019-01-29 00:50:24,525 INFO o.a.j.JMeter: os.name=Mac OS X
2019-01-29 00:50:24,525 INFO o.a.j.JMeter: os.arch=x86_64
2019-01-29 00:50:24,525 INFO o.a.j.JMeter: os.version=10.14.2
2019-01-29 00:50:24,525 INFO o.a.j.JMeter: file.encoding=UTF-8
2019-01-29 00:50:24,525 INFO o.a.j.JMeter: Max memory     =1073741824
2019-01-29 00:50:24,525 INFO o.a.j.JMeter: Available Processors =8
2019-01-29 00:50:24,531 INFO o.a.j.JMeter: Default Locale=English (EN)
2019-01-29 00:50:24,532 INFO o.a.j.JMeter: JMeter  Locale=English (EN)
2019-01-29 00:50:24,532 INFO o.a.j.JMeter: JMeterHome=/Users/administrator/Jmeter
2019-01-29 00:50:24,532 INFO o.a.j.JMeter: user.dir  =/Users/administrator/Desktop/projects/ass/bed/android/new/pb_bed_appli_android
2019-01-29 00:50:24,532 INFO o.a.j.JMeter: PWD       =/Users/administrator/Desktop/projects/ass/bed/android/new/pb_bed_appli_android
2019-01-29 00:50:24,544 INFO o.a.j.JMeter: IP: 192.168.240.49 Name: Dikys-MacBook-Pro-2.local FullName: 192.168.240.49
2019-01-29 00:50:24,559 INFO o.a.j.r.RmiUtils: Disabling SSL for RMI as server.rmi.ssl.disable is set to 'true'
2019-01-29 00:50:24,559 INFO o.a.j.r.RmiUtils: Disabling SSL for RMI as server.rmi.ssl.disable is set to 'true'
2019-01-29 00:50:24,602 INFO o.a.j.e.RemoteJMeterEngineImpl: Starting backing engine on 1099
2019-01-29 00:50:24,603 INFO o.a.j.r.RmiUtils: System property 'java.rmi.server.hostname' is not defined, using localHost address
2019-01-29 00:50:24,603 INFO o.a.j.r.RmiUtils: Local IP address=192.168.240.49
2019-01-29 00:50:24,603 INFO o.a.j.e.RemoteJMeterEngineImpl: IP address is a site-local address; this may cause problems with remote access.
	Can be overridden by defining the system property 'java.rmi.server.hostname' - see jmeter-server script file
2019-01-29 00:50:24,603 INFO o.a.j.e.RemoteJMeterEngineImpl: Creating RMI registry (server.rmi.create=true)
2019-01-29 00:50:24,603 INFO o.a.j.r.RmiUtils: Disabling SSL for RMI as server.rmi.ssl.disable is set to 'true'
2019-01-29 00:50:24,603 INFO o.a.j.r.RmiUtils: Disabling SSL for RMI as server.rmi.ssl.disable is set to 'true'
2019-01-29 00:50:24,606 INFO o.a.j.e.RemoteJMeterEngineImpl: Bound to RMI registry on port 1099
